7/19/2017 3:30:49 PM	This log contains information about the import schema operation into project 'LogParser.Database' on computer 'JAMES-MBL' by user 'bogdanc'.
7/19/2017 3:30:49 PM	Import of database schema has started.
7/19/2017 3:30:54 PM	Gathering database options
7/19/2017 3:30:54 PM	Gathering users
7/19/2017 3:30:54 PM	Gathering roles
7/19/2017 3:30:54 PM	Gathering application roles
7/19/2017 3:30:54 PM	Gathering role memberships
7/19/2017 3:30:54 PM	Gathering filegroups
7/19/2017 3:30:54 PM	Gathering full-text catalogs
7/19/2017 3:30:54 PM	Gathering assemblies
7/19/2017 3:30:54 PM	Gathering certificates
7/19/2017 3:30:54 PM	Gathering asymmetric keys
7/19/2017 3:30:54 PM	Gathering symmetric keys
7/19/2017 3:30:54 PM	Gathering encrypted symmetric keys
7/19/2017 3:30:54 PM	Gathering schemas
7/19/2017 3:30:54 PM	Gathering XML schema collections
7/19/2017 3:30:54 PM	Gathering user-defined data types
7/19/2017 3:30:54 PM	Gathering user-defined types
7/19/2017 3:30:54 PM	Gathering table types
7/19/2017 3:30:54 PM	Gathering unique keys for table types
7/19/2017 3:30:54 PM	Gathering primary keys for table types
7/19/2017 3:30:54 PM	Gathering indexes for table types
7/19/2017 3:30:54 PM	Gathering check constraints for table types
7/19/2017 3:30:55 PM	Gathering default constraints for table types
7/19/2017 3:30:55 PM	Gathering partition functions
7/19/2017 3:30:55 PM	Gathering partition schemes
7/19/2017 3:30:55 PM	Gathering functions
7/19/2017 3:30:55 PM	Gathering encrypted functions
7/19/2017 3:30:55 PM	Gathering aggregates
7/19/2017 3:30:55 PM	Gathering procedures
7/19/2017 3:30:55 PM	Gathering encrypted procedures
7/19/2017 3:30:55 PM	Gathering tables
7/19/2017 3:30:55 PM	Gathering primary keys
7/19/2017 3:30:55 PM	Gathering unique constraints
7/19/2017 3:30:55 PM	Gathering foreign keys
7/19/2017 3:30:55 PM	Gathering default constraints
7/19/2017 3:30:55 PM	Gathering check constraints
7/19/2017 3:30:55 PM	Gathering views
7/19/2017 3:30:55 PM	Gathering encrypted views
7/19/2017 3:30:55 PM	Gathering indexes
7/19/2017 3:30:55 PM	Gathering statistics
7/19/2017 3:30:55 PM	Gathering full-text index stoplists
7/19/2017 3:30:55 PM	Gathering search property lists
7/19/2017 3:30:55 PM	Gathering search properties
7/19/2017 3:30:55 PM	Gathering full-text indexes
7/19/2017 3:30:55 PM	Gathering column store indexes
7/19/2017 3:30:55 PM	Gathering spatial indexes
7/19/2017 3:30:55 PM	Gathering XML indexes
7/19/2017 3:30:55 PM	Gathering Selective XML indexes
7/19/2017 3:30:55 PM	Gathering encrypted triggers
7/19/2017 3:30:55 PM	Gathering triggers
7/19/2017 3:30:55 PM	Gathering encrypted and clr ddl triggers
7/19/2017 3:30:55 PM	Gathering ddl triggers
7/19/2017 3:30:55 PM	Gathering synonyms
7/19/2017 3:30:55 PM	Gathering defaults
7/19/2017 3:30:55 PM	Gathering data constraint uddt bindings
7/19/2017 3:30:55 PM	Gathering rules
7/19/2017 3:30:55 PM	Gathering data constraint uddt bindings
7/19/2017 3:30:55 PM	Gathering message types
7/19/2017 3:30:55 PM	Gathering queues
7/19/2017 3:30:55 PM	Gathering contracts
7/19/2017 3:30:55 PM	Gathering services
7/19/2017 3:30:55 PM	Gathering event notifications
7/19/2017 3:30:55 PM	Gathering remote service bindings
7/19/2017 3:30:55 PM	Gathering broker priorities
7/19/2017 3:30:55 PM	Gathering signatures
7/19/2017 3:30:55 PM	Gathering data compression options
7/19/2017 3:30:55 PM	Gathering sequence types
7/19/2017 3:30:55 PM	Gathering extended properties
7/19/2017 3:30:55 PM	Gathering credentials
7/19/2017 3:30:55 PM	Gathering logins
7/19/2017 3:30:55 PM	Gathering server audits
7/19/2017 3:30:55 PM	Scanning project for duplicate elements
7/19/2017 3:30:55 PM	Finished duplicate element processing
7/19/2017 3:30:55 PM	Finished importing database.
7/19/2017 3:30:55 PM	A summary of the import was saved to the following location: D:\Proiecte\Instruire\Proiecte\LogParser\LogParser.Database\Import Schema Logs\LogParser.Database_20170719123049.log
7/19/2017 3:30:55 PM	Click Finish to continue...
